{
  "RSpec": {
    "coverage": {
      "/home/andres/Documentos/CafiWeb/app/models/user.rb": [
        1,
        1,
        1,
        null,
        null,
        1,
        null,
        null,
        1,
        null,
        1,
        5,
        null,
        null,
        1,
        1,
        null
      ],
      "/home/andres/Documentos/CafiWeb/app/models/application_record.rb": [
        1,
        1,
        null
      ],
      "/home/andres/Documentos/CafiWeb/app/helpers/application_helper.rb": [
        1,
        null
      ],
      "/home/andres/Documentos/CafiWeb/app/helpers/products_helper.rb": [
        1,
        null
      ],
      "/home/andres/Documentos/CafiWeb/app/helpers/purchases_helper.rb": [
        1,
        null
      ],
      "/home/andres/Documentos/CafiWeb/app/helpers/users_helper.rb": [
        1,
        null
      ],
      "/home/andres/Documentos/CafiWeb/app/models/role.rb": [
        1,
        1,
        null,
        null,
        1,
        null,
        null,
        null,
        null,
        1,
        null,
        null,
        null,
        1,
        null
      ],
      "/home/andres/Documentos/CafiWeb/app/controllers/application_controller.rb": [
        1,
        1,
        1,
        null,
        1,
        1,
        11,
        11,
        null,
        null
      ],
      "/home/andres/Documentos/CafiWeb/app/controllers/users_controller.rb": [
        1,
        1,
        1,
        null,
        null,
        1,
        2,
        2,
        0,
        0,
        null,
        2,
        2,
        null,
        null,
        0,
        null,
        null,
        null,
        null,
        null,
        1,
        null,
        null,
        null,
        1,
        null,
        null,
        null,
        null,
        1,
        0,
        null,
        0,
        0,
        0,
        0,
        null,
        0,
        0,
        null,
        null,
        null,
        null,
        null,
        null,
        1,
        0,
        0,
        0,
        0,
        null,
        0,
        0,
        null,
        null,
        null,
        null,
        null,
        null,
        1,
        0,
        0,
        0,
        0,
        null,
        null,
        null,
        1,
        null,
        1,
        0,
        null,
        null,
        null,
        1,
        0,
        null,
        null
      ],
      "/home/andres/Documentos/CafiWeb/app/controllers/purchases_controller.rb": [
        1,
        1,
        1,
        1,
        1,
        null,
        null,
        null,
        1,
        1,
        1,
        1,
        null,
        0,
        0,
        null,
        0,
        null,
        null,
        null,
        null,
        null,
        1,
        0,
        null,
        0,
        0,
        0,
        0,
        null,
        null,
        null,
        null,
        null,
        null,
        1,
        null,
        null,
        null,
        1,
        1,
        1,
        null,
        null,
        null,
        1,
        null,
        null,
        null,
        null,
        1,
        0,
        0,
        0,
        0,
        0,
        0,
        0,
        0,
        null,
        null,
        0,
        0,
        0,
        0,
        null,
        0,
        0,
        null,
        null,
        null,
        null,
        null,
        null,
        1,
        0,
        0,
        0,
        null,
        0,
        0,
        0,
        0,
        null,
        0,
        0,
        null,
        null,
        0,
        0,
        0,
        null,
        null,
        null,
        null,
        1,
        0,
        0,
        0,
        0,
        null,
        0,
        0,
        0,
        null,
        null,
        1,
        null,
        1,
        0,
        null,
        null,
        null,
        1,
        0,
        null,
        null,
        1,
        0,
        null,
        null
      ],
      "/home/andres/Documentos/CafiWeb/app/models/purchase.rb": [
        1,
        1,
        1,
        1,
        1,
        1,
        1,
        null
      ],
      "/home/andres/Documentos/CafiWeb/app/models/ability.rb": [
        1,
        1,
        null,
        1,
        2,
        2,
        2,
        null,
        0,
        null,
        null,
        null
      ],
      "/home/andres/Documentos/CafiWeb/app/models/product.rb": [
        0,
        0,
        0,
        0,
        0
      ],
      "/home/andres/Documentos/CafiWeb/app/models/purchase_product.rb": [
        0,
        0,
        0,
        0
      ],
      "/home/andres/Documentos/CafiWeb/app/channels/application_cable/connection.rb": [
        0,
        0,
        0,
        0
      ],
      "/home/andres/Documentos/CafiWeb/app/channels/application_cable/channel.rb": [
        0,
        0,
        0,
        0
      ],
      "/home/andres/Documentos/CafiWeb/app/mailers/application_mailer.rb": [
        0,
        0,
        0,
        0
      ],
      "/home/andres/Documentos/CafiWeb/app/jobs/application_job.rb": [
        0,
        0
      ],
      "/home/andres/Documentos/CafiWeb/app/controllers/products_controller.rb": [
        0,
        0,
        0,
        0,
        null,
        null,
        0,
        0,
        0,
        null,
        null,
        null,
        0,
        0,
        null,
        null,
        0,
        0,
        0,
        null,
        null,
        0,
        0,
        null,
        null,
        null,
        0,
        0,
        null,
        0,
        0,
        0,
        0,
        0,
        0,
        0,
        0,
        0,
        0,
        null,
        null,
        null,
        0,
        0,
        0,
        0,
        0,
        0,
        0,
        0,
        0,
        0,
        0,
        null,
        null,
        null,
        0,
        0,
        0,
        0,
        0,
        0,
        0,
        null,
        0,
        null,
        0,
        0,
        0,
        null,
        null,
        0,
        0,
        0,
        0
      ]
    },
    "timestamp": 1525857155
  }
}
